-------------------------------------------------------------------------------
Test set: com.example.SpringJPAMapping.SpringJpaMappingApplicationTests
-------------------------------------------------------------------------------
Tests run: 1, Failures: 0, Errors: 1, Skipped: 0, Time elapsed: 2.503 s <<< FAILURE! - in com.example.SpringJPAMapping.SpringJpaMappingApplicationTests
contextLoads  Time elapsed: 0.002 s  <<< ERROR!
java.lang.IllegalStateException: Failed to load ApplicationContext
Caused by: org.springframework.beans.factory.UnsatisfiedDependencyException: Error creating bean with name 'orderController': Unsatisfied dependency expressed through field 'customerRepository'; nested exception is org.springframework.beans.factory.BeanCreationException: Error creating bean with name 'customerRepository' defined in com.example.SpringJPAMapping.repository.CustomerRepository defined in @EnableJpaRepositories declared on JpaRepositoriesRegistrar.EnableJpaRepositoriesConfiguration: Invocation of init method failed; nested exception is java.lang.IllegalArgumentException: Validation failed for query for method public abstract java.util.List com.example.SpringJPAMapping.repository.CustomerRepository.getJoinInformation()!
Caused by: org.springframework.beans.factory.BeanCreationException: Error creating bean with name 'customerRepository' defined in com.example.SpringJPAMapping.repository.CustomerRepository defined in @EnableJpaRepositories declared on JpaRepositoriesRegistrar.EnableJpaRepositoriesConfiguration: Invocation of init method failed; nested exception is java.lang.IllegalArgumentException: Validation failed for query for method public abstract java.util.List com.example.SpringJPAMapping.repository.CustomerRepository.getJoinInformation()!
Caused by: java.lang.IllegalArgumentException: Validation failed for query for method public abstract java.util.List com.example.SpringJPAMapping.repository.CustomerRepository.getJoinInformation()!
Caused by: java.lang.IllegalArgumentException: org.hibernate.QueryException: could not resolve property: product of: com.example.SpringJPAMapping.entity.Customer [Select new com.example.SpringJPAMapping.dto.OrderResponse(c.name, p.productName) FROM com.example.SpringJPAMapping.entity.Customer c JOIN c.product p]
Caused by: org.hibernate.QueryException: could not resolve property: product of: com.example.SpringJPAMapping.entity.Customer [Select new com.example.SpringJPAMapping.dto.OrderResponse(c.name, p.productName) FROM com.example.SpringJPAMapping.entity.Customer c JOIN c.product p]
Caused by: org.hibernate.QueryException: could not resolve property: product of: com.example.SpringJPAMapping.entity.Customer

